<?xml version="1.0" encoding="utf-8"?><test-results name="/root/mono-xunit-with-cde-example/bin/Debug/MonoXunit.Tests.dll" date="2014-08-13" time="02:51:29" total="2" failures="0" not-run="0"><test-suite name="/root/mono-xunit-with-cde-example/bin/Debug/MonoXunit.Tests.dll" success="True" time="0.030"><results><test-suite name="MonoXunit.Tests.RandomTest" success="True" time="0.030"><results><test-case name="MonoXunit.Tests.RandomTest.Length_Is_Ok" executed="True" success="True" time="0.030"></test-case><test-case name="MonoXunit.Tests.RandomTest.String_Is_Not_Null" executed="True" success="True" time="0.000"></test-case></results></test-suite></results></test-suite></test-results>